nohup: ignorando entrada
WARNING:__main__:Variável de ambiente NGROK_URL não definida. As chamadas da API podem falhar.
 * Serving Flask app 'app'
 * Debug mode: on
INFO:werkzeug:[31m[1mWARNING: This is a development server. Do not use it in a production deployment. Use a production WSGI server instead.[0m
 * Running on all addresses (0.0.0.0)
 * Running on http://127.0.0.1:5000
 * Running on http://192.168.10.3:5000
INFO:werkzeug:[33mPress CTRL+C to quit[0m
INFO:werkzeug: * Restarting with stat
WARNING:__main__:Variável de ambiente NGROK_URL não definida. As chamadas da API podem falhar.
WARNING:werkzeug: * Debugger is active!
INFO:werkzeug: * Debugger PIN: 145-929-999
INFO:werkzeug: * Detected change in '/home/pedro/Projetos/MeuProjetoGPS/app.py', reloading
INFO:werkzeug: * Restarting with stat
WARNING:__main__:Variável de ambiente NGROK_URL não definida. As chamadas da API podem falhar.
WARNING:werkzeug: * Debugger is active!
INFO:werkzeug: * Debugger PIN: 145-929-999
INFO:werkzeug: * Detected change in '/home/pedro/Projetos/MeuProjetoGPS/app.py', reloading
INFO:werkzeug: * Restarting with stat
WARNING:__main__:Variável de ambiente NGROK_URL não definida. As chamadas da API podem falhar.
WARNING:werkzeug: * Debugger is active!
INFO:werkzeug: * Debugger PIN: 145-929-999
